Teaching-3/Library/Bee/Android/Prj/Mono2x/Gradle/launcher/build/intermediates/manifest_merge_blame_file/release/manifest-merger-blame-release-report.txt
1<?xml version="1.0" encoding="utf-8"?>
2<manifest xmlns:android="http://schemas.android.com/apk/res/android"
3    package="com.DefaultCompany.test"
4    android:installLocation="preferExternal"
5    android:versionCode="1"
6    android:versionName="1.0.2" >
7
8    <uses-sdk
9        android:minSdkVersion="22"
9-->src\main\AndroidManifest.xml
10        android:targetSdkVersion="30" />
10-->src\main\AndroidManifest.xml
11
12    <supports-screens
12-->src\main\AndroidManifest.xml:3:3-163
13        android:anyDensity="true"
13-->src\main\AndroidManifest.xml:3:135-160
14        android:largeScreens="true"
14-->src\main\AndroidManifest.xml:3:78-105
15        android:normalScreens="true"
15-->src\main\AndroidManifest.xml:3:49-77
16        android:smallScreens="true"
16-->src\main\AndroidManifest.xml:3:21-48
17        android:xlargeScreens="true" />
17-->src\main\AndroidManifest.xml:3:106-134
18
19    <uses-permission android:name="android.permission.BLUETOOTH" />
19-->[:unityLibrary] AndroidManifest.xml:20:5-68
19-->[:unityLibrary] AndroidManifest.xml:20:22-65
20    <uses-permission android:name="android.permission.BLUETOOTH_ADMIN" />
20-->[:unityLibrary] AndroidManifest.xml:21:5-74
20-->[:unityLibrary] AndroidManifest.xml:21:22-71
21    <uses-permission android:name="android.permission.ACCESS_COARSE_LOCATION" />
21-->[:unityLibrary] AndroidManifest.xml:22:5-81
21-->[:unityLibrary] AndroidManifest.xml:22:22-78
22
23    <uses-feature
23-->[:unityLibrary] AndroidManifest.xml:24:5-26:35
24        android:name="android.hardware.bluetooth_le"
24-->[:unityLibrary] AndroidManifest.xml:25:9-53
25        android:required="true" />
25-->[:unityLibrary] AndroidManifest.xml:26:9-32
26    <uses-feature android:glEsVersion="0x00030000" />
26-->[:unityLibrary] AndroidManifest.xml:27:5-54
26-->[:unityLibrary] AndroidManifest.xml:27:19-51
27    <uses-feature
27-->[:unityLibrary] AndroidManifest.xml:28:5-30:36
28        android:name="android.hardware.vulkan.version"
28-->[:unityLibrary] AndroidManifest.xml:29:9-55
29        android:required="false" />
29-->[:unityLibrary] AndroidManifest.xml:30:9-33
30    <uses-feature
30-->[:unityLibrary] AndroidManifest.xml:31:5-33:36
31        android:name="android.hardware.touchscreen"
31-->[:unityLibrary] AndroidManifest.xml:32:9-52
32        android:required="false" />
32-->[:unityLibrary] AndroidManifest.xml:33:9-33
33    <uses-feature
33-->[:unityLibrary] AndroidManifest.xml:34:5-36:36
34        android:name="android.hardware.touchscreen.multitouch"
34-->[:unityLibrary] AndroidManifest.xml:35:9-63
35        android:required="false" />
35-->[:unityLibrary] AndroidManifest.xml:36:9-33
36    <uses-feature
36-->[:unityLibrary] AndroidManifest.xml:37:5-39:36
37        android:name="android.hardware.touchscreen.multitouch.distinct"
37-->[:unityLibrary] AndroidManifest.xml:38:9-72
38        android:required="false" />
38-->[:unityLibrary] AndroidManifest.xml:39:9-33
39
40    <uses-permission android:name="android.permission.POST_NOTIFICATIONS" />
40-->[:unityLibrary] AndroidManifest.xml:41:5-77
40-->[:unityLibrary] AndroidManifest.xml:41:22-74
41
42    <application
42-->src\main\AndroidManifest.xml:4:3-83
43        android:extractNativeLibs="true"
43-->[:unityLibrary] AndroidManifest.xml:44:9-41
44        android:icon="@mipmap/app_icon"
44-->src\main\AndroidManifest.xml:4:49-80
45        android:label="@string/app_name"
45-->src\main\AndroidManifest.xml:4:16-48
46        android:theme="@style/UnityThemeSelector" >
46-->[:unityLibrary] AndroidManifest.xml:47:9-50
47        <activity
47-->[:unityLibrary] AndroidManifest.xml:48:9-69:20
48            android:name="com.unity3d.player.UnityPlayerActivity"
48-->[:unityLibrary] AndroidManifest.xml:49:13-66
49            android:configChanges="mcc|mnc|locale|touchscreen|keyboard|keyboardHidden|navigation|orientation|screenLayout|uiMode|screenSize|smallestScreenSize|fontScale|layoutDirection|density"
49-->[:unityLibrary] AndroidManifest.xml:50:13-194
50            android:hardwareAccelerated="false"
50-->[:unityLibrary] AndroidManifest.xml:51:13-48
51            android:label="@string/app_name"
51-->[:unityLibrary] AndroidManifest.xml:52:13-45
52            android:launchMode="singleTask"
52-->[:unityLibrary] AndroidManifest.xml:53:13-44
53            android:resizeableActivity="false"
53-->[:unityLibrary] AndroidManifest.xml:54:13-47
54            android:screenOrientation="landscape" >
54-->[:unityLibrary] AndroidManifest.xml:55:13-50
55            <intent-filter>
55-->[:unityLibrary] AndroidManifest.xml:56:13-61:29
56                <action android:name="android.intent.action.MAIN" />
56-->[:unityLibrary] AndroidManifest.xml:57:17-69
56-->[:unityLibrary] AndroidManifest.xml:57:25-66
57                <action android:name="android.bluetooth.device.action.ACL_DISCONNECTED" />
57-->[:unityLibrary] AndroidManifest.xml:58:17-91
57-->[:unityLibrary] AndroidManifest.xml:58:25-88
58
59                <category android:name="android.intent.category.LAUNCHER" />
59-->[:unityLibrary] AndroidManifest.xml:60:17-77
59-->[:unityLibrary] AndroidManifest.xml:60:27-74
60            </intent-filter>
61
62            <meta-data
62-->[:unityLibrary] AndroidManifest.xml:63:13-65:40
63                android:name="unityplayer.UnityActivity"
63-->[:unityLibrary] AndroidManifest.xml:64:17-57
64                android:value="true" />
64-->[:unityLibrary] AndroidManifest.xml:65:17-37
65            <meta-data
65-->[:unityLibrary] AndroidManifest.xml:66:13-68:40
66                android:name="android.notch_support"
66-->[:unityLibrary] AndroidManifest.xml:67:17-53
67                android:value="true" />
67-->[:unityLibrary] AndroidManifest.xml:68:17-37
68        </activity> <!-- Activity added by the BT library -->
69        <activity
69-->[:unityLibrary] AndroidManifest.xml:71:9-74:20
70            android:name="com.techtweaking.bluetoothcontroller.ForwardingActivity"
70-->[:unityLibrary] AndroidManifest.xml:72:13-83
71            android:background="#00000000" >
71-->[:unityLibrary] AndroidManifest.xml:73:13-43
72        </activity>
73
74        <meta-data
74-->[:unityLibrary] AndroidManifest.xml:76:9-78:33
75            android:name="unity.splash-mode"
75-->[:unityLibrary] AndroidManifest.xml:77:13-45
76            android:value="0" />
76-->[:unityLibrary] AndroidManifest.xml:78:13-30
77        <meta-data
77-->[:unityLibrary] AndroidManifest.xml:79:9-81:36
78            android:name="unity.splash-enable"
78-->[:unityLibrary] AndroidManifest.xml:80:13-47
79            android:value="True" />
79-->[:unityLibrary] AndroidManifest.xml:81:13-33
80        <meta-data
80-->[:unityLibrary] AndroidManifest.xml:82:9-84:36
81            android:name="unity.launch-fullscreen"
81-->[:unityLibrary] AndroidManifest.xml:83:13-51
82            android:value="True" />
82-->[:unityLibrary] AndroidManifest.xml:84:13-33
83        <meta-data
83-->[:unityLibrary] AndroidManifest.xml:85:9-87:37
84            android:name="unity.allow-resizable-window"
84-->[:unityLibrary] AndroidManifest.xml:86:13-56
85            android:value="False" />
85-->[:unityLibrary] AndroidManifest.xml:87:13-34
86        <meta-data
86-->[:unityLibrary] AndroidManifest.xml:88:9-90:50
87            android:name="notch.config"
87-->[:unityLibrary] AndroidManifest.xml:89:13-40
88            android:value="portrait|landscape" />
88-->[:unityLibrary] AndroidManifest.xml:90:13-47
89        <meta-data
89-->[:unityLibrary] AndroidManifest.xml:91:9-93:36
90            android:name="unity.auto-report-fully-drawn"
90-->[:unityLibrary] AndroidManifest.xml:92:13-57
91            android:value="true" />
91-->[:unityLibrary] AndroidManifest.xml:93:13-33
92
93        <receiver
93-->[:unityLibrary] AndroidManifest.xml:95:9-97:40
94            android:name="com.unity.androidnotifications.UnityNotificationManager"
94-->[:unityLibrary] AndroidManifest.xml:96:13-83
95            android:exported="false" />
95-->[:unityLibrary] AndroidManifest.xml:97:13-37
96        <receiver
96-->[:unityLibrary] AndroidManifest.xml:98:9-105:20
97            android:name="com.unity.androidnotifications.UnityNotificationRestartOnBootReceiver"
97-->[:unityLibrary] AndroidManifest.xml:99:13-97
98            android:enabled="false"
98-->[:unityLibrary] AndroidManifest.xml:100:13-36
99            android:exported="false" >
99-->[:unityLibrary] AndroidManifest.xml:101:13-37
100            <intent-filter>
100-->[:unityLibrary] AndroidManifest.xml:102:13-104:29
101                <action android:name="android.intent.action.BOOT_COMPLETED" />
101-->[:unityLibrary] AndroidManifest.xml:103:17-79
101-->[:unityLibrary] AndroidManifest.xml:103:25-76
102            </intent-filter>
103        </receiver>
104
105        <meta-data
105-->[:unityLibrary] AndroidManifest.xml:107:9-109:33
106            android:name="com.unity.androidnotifications.exact_scheduling"
106-->[:unityLibrary] AndroidManifest.xml:108:13-75
107            android:value="0" />
107-->[:unityLibrary] AndroidManifest.xml:109:13-30
108    </application>
109
110</manifest>